<?xml version="1.0" encoding="UTF-8"?>
<!-- Generated by org.testng.reporters.JUnitReportReporter -->
<testsuite hostname="Vicky" name="junit.NewTest1" tests="3" failures="0" timestamp="7 Aug 2019 11:39:33 GMT" time="0.023" errors="0">
  <testcase name="f1" time="0.000" classname="junit.NewTest1"/>
  <testcase name="f2" time="0.000" classname="junit.NewTest1"/>
  <testcase name="f" time="0.023" classname="junit.NewTest1"/>
</testsuite> <!-- junit.NewTest1 -->
