<?xml version="1.0" encoding="UTF-8"?>
<!-- Generated by org.testng.reporters.JUnitReportReporter -->
<testsuite hostname="Vicky" name="junit.DataProvider" tests="3" failures="0" timestamp="7 Aug 2019 11:44:26 GMT" time="0.021" errors="0">
  <testcase name="setData" time="0.020" classname="junit.DataProvider"/>
  <testcase name="setData" time="0.001" classname="junit.DataProvider"/>
  <testcase name="setData" time="0.000" classname="junit.DataProvider"/>
</testsuite> <!-- junit.DataProvider -->
