<?xml version="1.0" encoding="UTF-8"?>
<!-- Generated by org.testng.reporters.JUnitReportReporter -->
<testsuite hostname="Vicky" name="Groping.Z" tests="3" failures="0" timestamp="13 Aug 2019 14:17:10 GMT" time="0.018" errors="0">
  <testcase name="xx" time="0.014" classname="Groping.Z"/>
  <testcase name="zz" time="0.002" classname="Groping.Z"/>
  <testcase name="yy" time="0.002" classname="Groping.Z"/>
</testsuite> <!-- Groping.Z -->
